[     631ms] [INFO] %cDownload the React DevTools for a better development experience: https://react.dev/link/react-devtools font-weight:bold @ http://bansud:3000/_next/static/chunks/node_modules_next_dist_115brz8._.js:2431
[     802ms] [ERROR] WebSocket connection to 'ws://bansud:3000/_next/webpack-hmr?id=PNnnpyLKQaIJDMcjLeHON' failed: Error during WebSocket handshake: net::ERR_INVALID_HTTP_RESPONSE @ http://bansud:3000/_next/static/chunks/node_modules_next_dist_client_0fhqo1d._.js:13299
[    1826ms] [ERROR] WebSocket connection to 'ws://bansud:3000/_next/webpack-hmr?id=PNnnpyLKQaIJDMcjLeHON' failed: Error during WebSocket handshake: net::ERR_INVALID_HTTP_RESPONSE @ http://bansud:3000/_next/static/chunks/node_modules_next_dist_client_0fhqo1d._.js:13299
[    2835ms] [ERROR] WebSocket connection to 'ws://bansud:3000/_next/webpack-hmr?id=PNnnpyLKQaIJDMcjLeHON' failed: Error during WebSocket handshake: net::ERR_INVALID_HTTP_RESPONSE @ http://bansud:3000/_next/static/chunks/node_modules_next_dist_client_0fhqo1d._.js:13299
[    3850ms] [ERROR] WebSocket connection to 'ws://bansud:3000/_next/webpack-hmr?id=PNnnpyLKQaIJDMcjLeHON' failed: Error during WebSocket handshake: net::ERR_INVALID_HTTP_RESPONSE @ http://bansud:3000/_next/static/chunks/node_modules_next_dist_client_0fhqo1d._.js:13299
[    4871ms] [ERROR] WebSocket connection to 'ws://bansud:3000/_next/webpack-hmr?id=PNnnpyLKQaIJDMcjLeHON' failed: Error during WebSocket handshake: net::ERR_INVALID_HTTP_RESPONSE @ http://bansud:3000/_next/static/chunks/node_modules_next_dist_client_0fhqo1d._.js:13299
[    5890ms] [ERROR] WebSocket connection to 'ws://bansud:3000/_next/webpack-hmr?id=PNnnpyLKQaIJDMcjLeHON' failed: Error during WebSocket handshake: net::ERR_INVALID_HTTP_RESPONSE @ http://bansud:3000/_next/static/chunks/node_modules_next_dist_client_0fhqo1d._.js:13299
[   10922ms] [ERROR] WebSocket connection to 'ws://bansud:3000/_next/webpack-hmr?id=PNnnpyLKQaIJDMcjLeHON' failed: Error during WebSocket handshake: net::ERR_INVALID_HTTP_RESPONSE @ http://bansud:3000/_next/static/chunks/node_modules_next_dist_client_0fhqo1d._.js:13299
[   15953ms] [ERROR] WebSocket connection to 'ws://bansud:3000/_next/webpack-hmr?id=PNnnpyLKQaIJDMcjLeHON' failed: Error during WebSocket handshake: net::ERR_INVALID_HTTP_RESPONSE @ http://bansud:3000/_next/static/chunks/node_modules_next_dist_client_0fhqo1d._.js:13299
[   20980ms] [ERROR] WebSocket connection to 'ws://bansud:3000/_next/webpack-hmr?id=PNnnpyLKQaIJDMcjLeHON' failed: Error during WebSocket handshake: net::ERR_INVALID_HTTP_RESPONSE @ http://bansud:3000/_next/static/chunks/node_modules_next_dist_client_0fhqo1d._.js:13299
[   26121ms] [ERROR] WebSocket connection to 'ws://bansud:3000/_next/webpack-hmr?id=PNnnpyLKQaIJDMcjLeHON' failed: Error during WebSocket handshake: net::ERR_INVALID_HTTP_RESPONSE @ http://bansud:3000/_next/static/chunks/node_modules_next_dist_client_0fhqo1d._.js:13299
[   31211ms] [ERROR] WebSocket connection to 'ws://bansud:3000/_next/webpack-hmr?id=PNnnpyLKQaIJDMcjLeHON' failed: Error during WebSocket handshake: net::ERR_INVALID_HTTP_RESPONSE @ http://bansud:3000/_next/static/chunks/node_modules_next_dist_client_0fhqo1d._.js:13299
[   36378ms] [ERROR] WebSocket connection to 'ws://bansud:3000/_next/webpack-hmr?id=PNnnpyLKQaIJDMcjLeHON' failed: Error during WebSocket handshake: net::ERR_INVALID_HTTP_RESPONSE @ http://bansud:3000/_next/static/chunks/node_modules_next_dist_client_0fhqo1d._.js:13299
[   41552ms] [ERROR] WebSocket connection to 'ws://bansud:3000/_next/webpack-hmr?id=PNnnpyLKQaIJDMcjLeHON' failed: Error during WebSocket handshake: net::ERR_INVALID_HTTP_RESPONSE @ http://bansud:3000/_next/static/chunks/node_modules_next_dist_client_0fhqo1d._.js:13299
[   42017ms] [INFO] %cDownload the React DevTools for a better development experience: https://react.dev/link/react-devtools font-weight:bold @ http://bansud:3000/_next/static/chunks/node_modules_next_dist_115brz8._.js:2431
[   42392ms] [ERROR] WebSocket connection to 'ws://bansud:3000/_next/webpack-hmr?id=o5aALV__vX5szxzMwEh_F' failed: Error during WebSocket handshake: net::ERR_INVALID_HTTP_RESPONSE @ http://bansud:3000/_next/static/chunks/node_modules_next_dist_client_0fhqo1d._.js:13299
[   43896ms] [ERROR] WebSocket connection to 'ws://bansud:3000/_next/webpack-hmr?id=o5aALV__vX5szxzMwEh_F' failed: Error during WebSocket handshake: net::ERR_INVALID_HTTP_RESPONSE @ http://bansud:3000/_next/static/chunks/node_modules_next_dist_client_0fhqo1d._.js:13299
[   46974ms] [ERROR] WebSocket connection to 'ws://bansud:3000/_next/webpack-hmr?id=o5aALV__vX5szxzMwEh_F' failed: Error during WebSocket handshake: net::ERR_INVALID_HTTP_RESPONSE @ http://bansud:3000/_next/static/chunks/node_modules_next_dist_client_0fhqo1d._.js:13299
[   50158ms] [ERROR] WebSocket connection to 'ws://bansud:3000/_next/webpack-hmr?id=o5aALV__vX5szxzMwEh_F' failed: Error during WebSocket handshake: net::ERR_INVALID_HTTP_RESPONSE @ http://bansud:3000/_next/static/chunks/node_modules_next_dist_client_0fhqo1d._.js:13299
[   54762ms] [ERROR] WebSocket connection to 'ws://bansud:3000/_next/webpack-hmr?id=o5aALV__vX5szxzMwEh_F' failed: Error during WebSocket handshake: net::ERR_INVALID_HTTP_RESPONSE @ http://bansud:3000/_next/static/chunks/node_modules_next_dist_client_0fhqo1d._.js:13299
[   57832ms] [ERROR] WebSocket connection to 'ws://bansud:3000/_next/webpack-hmr?id=o5aALV__vX5szxzMwEh_F' failed: Error during WebSocket handshake: net::ERR_INVALID_HTTP_RESPONSE @ http://bansud:3000/_next/static/chunks/node_modules_next_dist_client_0fhqo1d._.js:13299
[   67526ms] [ERROR] WebSocket connection to 'ws://bansud:3000/_next/webpack-hmr?id=o5aALV__vX5szxzMwEh_F' failed: Error during WebSocket handshake: net::ERR_INVALID_HTTP_RESPONSE @ http://bansud:3000/_next/static/chunks/node_modules_next_dist_client_0fhqo1d._.js:13299
[   75910ms] [ERROR] WebSocket connection to 'ws://bansud:3000/_next/webpack-hmr?id=o5aALV__vX5szxzMwEh_F' failed: Error during WebSocket handshake: net::ERR_INVALID_HTTP_RESPONSE @ http://bansud:3000/_next/static/chunks/node_modules_next_dist_client_0fhqo1d._.js:13299
[   82505ms] [ERROR] WebSocket connection to 'ws://bansud:3000/_next/webpack-hmr?id=o5aALV__vX5szxzMwEh_F' failed: Error during WebSocket handshake: net::ERR_INVALID_HTTP_RESPONSE @ http://bansud:3000/_next/static/chunks/node_modules_next_dist_client_0fhqo1d._.js:13299
[   88718ms] [ERROR] WebSocket connection to 'ws://bansud:3000/_next/webpack-hmr?id=o5aALV__vX5szxzMwEh_F' failed: Error during WebSocket handshake: net::ERR_INVALID_HTTP_RESPONSE @ http://bansud:3000/_next/static/chunks/node_modules_next_dist_client_0fhqo1d._.js:13299
[   96961ms] [ERROR] WebSocket connection to 'ws://bansud:3000/_next/webpack-hmr?id=o5aALV__vX5szxzMwEh_F' failed: Error during WebSocket handshake: net::ERR_INVALID_HTTP_RESPONSE @ http://bansud:3000/_next/static/chunks/node_modules_next_dist_client_0fhqo1d._.js:13299
[  106052ms] [ERROR] WebSocket connection to 'ws://bansud:3000/_next/webpack-hmr?id=o5aALV__vX5szxzMwEh_F' failed: Error during WebSocket handshake: net::ERR_INVALID_HTTP_RESPONSE @ http://bansud:3000/_next/static/chunks/node_modules_next_dist_client_0fhqo1d._.js:13299
[  112814ms] [ERROR] WebSocket connection to 'ws://bansud:3000/_next/webpack-hmr?id=o5aALV__vX5szxzMwEh_F' failed: Error during WebSocket handshake: net::ERR_INVALID_HTTP_RESPONSE @ http://bansud:3000/_next/static/chunks/node_modules_next_dist_client_0fhqo1d._.js:13299
[  113246ms] [INFO] %cDownload the React DevTools for a better development experience: https://react.dev/link/react-devtools font-weight:bold @ http://bansud:3000/_next/static/chunks/node_modules_next_dist_115brz8._.js:2431
[  114795ms] [ERROR] WebSocket connection to 'ws://bansud:3000/_next/webpack-hmr?id=8YoK4XoNYLsUVErCH74ED' failed: Error during WebSocket handshake: net::ERR_INVALID_HTTP_RESPONSE @ http://bansud:3000/_next/static/chunks/node_modules_next_dist_client_0fhqo1d._.js:13299
[  117955ms] [ERROR] WebSocket connection to 'ws://bansud:3000/_next/webpack-hmr?id=8YoK4XoNYLsUVErCH74ED' failed: Error during WebSocket handshake: net::ERR_INVALID_HTTP_RESPONSE @ http://bansud:3000/_next/static/chunks/node_modules_next_dist_client_0fhqo1d._.js:13299
[  121408ms] [ERROR] WebSocket connection to 'ws://bansud:3000/_next/webpack-hmr?id=8YoK4XoNYLsUVErCH74ED' failed: Error during WebSocket handshake: net::ERR_INVALID_HTTP_RESPONSE @ http://bansud:3000/_next/static/chunks/node_modules_next_dist_client_0fhqo1d._.js:13299
[  125173ms] [ERROR] WebSocket connection to 'ws://bansud:3000/_next/webpack-hmr?id=8YoK4XoNYLsUVErCH74ED' failed: Error during WebSocket handshake: net::ERR_INVALID_HTTP_RESPONSE @ http://bansud:3000/_next/static/chunks/node_modules_next_dist_client_0fhqo1d._.js:13299
[  130731ms] [ERROR] WebSocket connection to 'ws://bansud:3000/_next/webpack-hmr?id=8YoK4XoNYLsUVErCH74ED' failed: Error during WebSocket handshake: net::ERR_INVALID_HTTP_RESPONSE @ http://bansud:3000/_next/static/chunks/node_modules_next_dist_client_0fhqo1d._.js:13299
[  133832ms] [ERROR] WebSocket connection to 'ws://bansud:3000/_next/webpack-hmr?id=8YoK4XoNYLsUVErCH74ED' failed: Error during WebSocket handshake: net::ERR_INVALID_HTTP_RESPONSE @ http://bansud:3000/_next/static/chunks/node_modules_next_dist_client_0fhqo1d._.js:13299
[  140914ms] [ERROR] WebSocket connection to 'ws://bansud:3000/_next/webpack-hmr?id=8YoK4XoNYLsUVErCH74ED' failed: Error during WebSocket handshake: net::ERR_INVALID_HTTP_RESPONSE @ http://bansud:3000/_next/static/chunks/node_modules_next_dist_client_0fhqo1d._.js:13299
[  148381ms] [ERROR] WebSocket connection to 'ws://bansud:3000/_next/webpack-hmr?id=8YoK4XoNYLsUVErCH74ED' failed: Error during WebSocket handshake: net::ERR_INVALID_HTTP_RESPONSE @ http://bansud:3000/_next/static/chunks/node_modules_next_dist_client_0fhqo1d._.js:13299
[  156360ms] [ERROR] WebSocket connection to 'ws://bansud:3000/_next/webpack-hmr?id=8YoK4XoNYLsUVErCH74ED' failed: Error during WebSocket handshake: net::ERR_INVALID_HTTP_RESPONSE @ http://bansud:3000/_next/static/chunks/node_modules_next_dist_client_0fhqo1d._.js:13299
[  165767ms] [ERROR] WebSocket connection to 'ws://bansud:3000/_next/webpack-hmr?id=8YoK4XoNYLsUVErCH74ED' failed: Error during WebSocket handshake: net::ERR_INVALID_HTTP_RESPONSE @ http://bansud:3000/_next/static/chunks/node_modules_next_dist_client_0fhqo1d._.js:13299
[  172106ms] [ERROR] WebSocket connection to 'ws://bansud:3000/_next/webpack-hmr?id=8YoK4XoNYLsUVErCH74ED' failed: Error during WebSocket handshake: net::ERR_INVALID_HTTP_RESPONSE @ http://bansud:3000/_next/static/chunks/node_modules_next_dist_client_0fhqo1d._.js:13299
[  181073ms] [ERROR] WebSocket connection to 'ws://bansud:3000/_next/webpack-hmr?id=8YoK4XoNYLsUVErCH74ED' failed: Error during WebSocket handshake: net::ERR_INVALID_HTTP_RESPONSE @ http://bansud:3000/_next/static/chunks/node_modules_next_dist_client_0fhqo1d._.js:13299
[  187904ms] [ERROR] WebSocket connection to 'ws://bansud:3000/_next/webpack-hmr?id=8YoK4XoNYLsUVErCH74ED' failed: Error during WebSocket handshake: net::ERR_INVALID_HTTP_RESPONSE @ http://bansud:3000/_next/static/chunks/node_modules_next_dist_client_0fhqo1d._.js:13299
[  188317ms] [INFO] %cDownload the React DevTools for a better development experience: https://react.dev/link/react-devtools font-weight:bold @ http://bansud:3000/_next/static/chunks/node_modules_next_dist_115brz8._.js:2431
[  190795ms] [ERROR] WebSocket connection to 'ws://bansud:3000/_next/webpack-hmr?id=6PsRYksARD9JxyF0wRFxc' failed: Error during WebSocket handshake: net::ERR_INVALID_HTTP_RESPONSE @ http://bansud:3000/_next/static/chunks/node_modules_next_dist_client_0fhqo1d._.js:13299
[  193709ms] [ERROR] WebSocket connection to 'ws://bansud:3000/_next/webpack-hmr?id=6PsRYksARD9JxyF0wRFxc' failed: Error during WebSocket handshake: net::ERR_INVALID_HTTP_RESPONSE @ http://bansud:3000/_next/static/chunks/node_modules_next_dist_client_0fhqo1d._.js:13299
[  196920ms] [ERROR] WebSocket connection to 'ws://bansud:3000/_next/webpack-hmr?id=6PsRYksARD9JxyF0wRFxc' failed: Error during WebSocket handshake: net::ERR_INVALID_HTTP_RESPONSE @ http://bansud:3000/_next/static/chunks/node_modules_next_dist_client_0fhqo1d._.js:13299
[  201395ms] [ERROR] WebSocket connection to 'ws://bansud:3000/_next/webpack-hmr?id=6PsRYksARD9JxyF0wRFxc' failed: Error during WebSocket handshake: net::ERR_INVALID_HTTP_RESPONSE @ http://bansud:3000/_next/static/chunks/node_modules_next_dist_client_0fhqo1d._.js:13299
[  204423ms] [ERROR] WebSocket connection to 'ws://bansud:3000/_next/webpack-hmr?id=6PsRYksARD9JxyF0wRFxc' failed: Error during WebSocket handshake: net::ERR_INVALID_HTTP_RESPONSE @ http://bansud:3000/_next/static/chunks/node_modules_next_dist_client_0fhqo1d._.js:13299
[  207643ms] [ERROR] WebSocket connection to 'ws://bansud:3000/_next/webpack-hmr?id=6PsRYksARD9JxyF0wRFxc' failed: Error during WebSocket handshake: net::ERR_INVALID_HTTP_RESPONSE @ http://bansud:3000/_next/static/chunks/node_modules_next_dist_client_0fhqo1d._.js:13299
[  214979ms] [ERROR] WebSocket connection to 'ws://bansud:3000/_next/webpack-hmr?id=6PsRYksARD9JxyF0wRFxc' failed: Error during WebSocket handshake: net::ERR_INVALID_HTTP_RESPONSE @ http://bansud:3000/_next/static/chunks/node_modules_next_dist_client_0fhqo1d._.js:13299
[  223237ms] [ERROR] WebSocket connection to 'ws://bansud:3000/_next/webpack-hmr?id=6PsRYksARD9JxyF0wRFxc' failed: Error during WebSocket handshake: net::ERR_INVALID_HTTP_RESPONSE @ http://bansud:3000/_next/static/chunks/node_modules_next_dist_client_0fhqo1d._.js:13299
[  232879ms] [ERROR] WebSocket connection to 'ws://bansud:3000/_next/webpack-hmr?id=6PsRYksARD9JxyF0wRFxc' failed: Error during WebSocket handshake: net::ERR_INVALID_HTTP_RESPONSE @ http://bansud:3000/_next/static/chunks/node_modules_next_dist_client_0fhqo1d._.js:13299
[  241241ms] [ERROR] WebSocket connection to 'ws://bansud:3000/_next/webpack-hmr?id=6PsRYksARD9JxyF0wRFxc' failed: Error during WebSocket handshake: net::ERR_INVALID_HTTP_RESPONSE @ http://bansud:3000/_next/static/chunks/node_modules_next_dist_client_0fhqo1d._.js:13299
[  247275ms] [ERROR] WebSocket connection to 'ws://bansud:3000/_next/webpack-hmr?id=6PsRYksARD9JxyF0wRFxc' failed: Error during WebSocket handshake: net::ERR_INVALID_HTTP_RESPONSE @ http://bansud:3000/_next/static/chunks/node_modules_next_dist_client_0fhqo1d._.js:13299
[  257115ms] [ERROR] WebSocket connection to 'ws://bansud:3000/_next/webpack-hmr?id=6PsRYksARD9JxyF0wRFxc' failed: Error during WebSocket handshake: net::ERR_INVALID_HTTP_RESPONSE @ http://bansud:3000/_next/static/chunks/node_modules_next_dist_client_0fhqo1d._.js:13299
[  266148ms] [ERROR] WebSocket connection to 'ws://bansud:3000/_next/webpack-hmr?id=6PsRYksARD9JxyF0wRFxc' failed: Error during WebSocket handshake: net::ERR_INVALID_HTTP_RESPONSE @ http://bansud:3000/_next/static/chunks/node_modules_next_dist_client_0fhqo1d._.js:13299
[  266933ms] [INFO] %cDownload the React DevTools for a better development experience: https://react.dev/link/react-devtools font-weight:bold @ http://bansud:3000/_next/static/chunks/node_modules_next_dist_115brz8._.js:2431
[  270745ms] [ERROR] WebSocket connection to 'ws://bansud:3000/_next/webpack-hmr?id=_dgMUMstv162v5h3bo2qy' failed: Error during WebSocket handshake: net::ERR_INVALID_HTTP_RESPONSE @ http://bansud:3000/_next/static/chunks/node_modules_next_dist_client_0fhqo1d._.js:13299
[  272949ms] [ERROR] WebSocket connection to 'ws://bansud:3000/_next/webpack-hmr?id=_dgMUMstv162v5h3bo2qy' failed: Error during WebSocket handshake: net::ERR_INVALID_HTTP_RESPONSE @ http://bansud:3000/_next/static/chunks/node_modules_next_dist_client_0fhqo1d._.js:13299
[  278021ms] [ERROR] WebSocket connection to 'ws://bansud:3000/_next/webpack-hmr?id=_dgMUMstv162v5h3bo2qy' failed: Error during WebSocket handshake: net::ERR_INVALID_HTTP_RESPONSE @ http://bansud:3000/_next/static/chunks/node_modules_next_dist_client_0fhqo1d._.js:13299
[  281974ms] [ERROR] WebSocket connection to 'ws://bansud:3000/_next/webpack-hmr?id=_dgMUMstv162v5h3bo2qy' failed: Error during WebSocket handshake: net::ERR_INVALID_HTTP_RESPONSE @ http://bansud:3000/_next/static/chunks/node_modules_next_dist_client_0fhqo1d._.js:13299
[  285967ms] [ERROR] WebSocket connection to 'ws://bansud:3000/_next/webpack-hmr?id=_dgMUMstv162v5h3bo2qy' failed: Error during WebSocket handshake: net::ERR_INVALID_HTTP_RESPONSE @ http://bansud:3000/_next/static/chunks/node_modules_next_dist_client_0fhqo1d._.js:13299
[  288481ms] [ERROR] WebSocket connection to 'ws://bansud:3000/_next/webpack-hmr?id=_dgMUMstv162v5h3bo2qy' failed: Error during WebSocket handshake: net::ERR_INVALID_HTTP_RESPONSE @ http://bansud:3000/_next/static/chunks/node_modules_next_dist_client_0fhqo1d._.js:13299
[  296459ms] [ERROR] WebSocket connection to 'ws://bansud:3000/_next/webpack-hmr?id=_dgMUMstv162v5h3bo2qy' failed: Error during WebSocket handshake: net::ERR_INVALID_HTTP_RESPONSE @ http://bansud:3000/_next/static/chunks/node_modules_next_dist_client_0fhqo1d._.js:13299
[  305171ms] [ERROR] WebSocket connection to 'ws://bansud:3000/_next/webpack-hmr?id=_dgMUMstv162v5h3bo2qy' failed: Error during WebSocket handshake: net::ERR_INVALID_HTTP_RESPONSE @ http://bansud:3000/_next/static/chunks/node_modules_next_dist_client_0fhqo1d._.js:13299
[  311386ms] [ERROR] WebSocket connection to 'ws://bansud:3000/_next/webpack-hmr?id=_dgMUMstv162v5h3bo2qy' failed: Error during WebSocket handshake: net::ERR_INVALID_HTTP_RESPONSE @ http://bansud:3000/_next/static/chunks/node_modules_next_dist_client_0fhqo1d._.js:13299
[  317831ms] [ERROR] WebSocket connection to 'ws://bansud:3000/_next/webpack-hmr?id=_dgMUMstv162v5h3bo2qy' failed: Error during WebSocket handshake: net::ERR_INVALID_HTTP_RESPONSE @ http://bansud:3000/_next/static/chunks/node_modules_next_dist_client_0fhqo1d._.js:13299
[  324831ms] [ERROR] WebSocket connection to 'ws://bansud:3000/_next/webpack-hmr?id=_dgMUMstv162v5h3bo2qy' failed: Error during WebSocket handshake: net::ERR_INVALID_HTTP_RESPONSE @ http://bansud:3000/_next/static/chunks/node_modules_next_dist_client_0fhqo1d._.js:13299
[  331568ms] [ERROR] WebSocket connection to 'ws://bansud:3000/_next/webpack-hmr?id=_dgMUMstv162v5h3bo2qy' failed: Error during WebSocket handshake: net::ERR_INVALID_HTTP_RESPONSE @ http://bansud:3000/_next/static/chunks/node_modules_next_dist_client_0fhqo1d._.js:13299
[  340740ms] [ERROR] WebSocket connection to 'ws://bansud:3000/_next/webpack-hmr?id=_dgMUMstv162v5h3bo2qy' failed: Error during WebSocket handshake: net::ERR_INVALID_HTTP_RESPONSE @ http://bansud:3000/_next/static/chunks/node_modules_next_dist_client_0fhqo1d._.js:13299
[  341930ms] [INFO] %cDownload the React DevTools for a better development experience: https://react.dev/link/react-devtools font-weight:bold @ http://bansud:3000/_next/static/chunks/node_modules_next_dist_115brz8._.js:2431
[  344185ms] [ERROR] WebSocket connection to 'ws://bansud:3000/_next/webpack-hmr?id=Mf13ijx3tSR12Q6B1cRiC' failed: Error during WebSocket handshake: net::ERR_INVALID_HTTP_RESPONSE @ http://bansud:3000/_next/static/chunks/node_modules_next_dist_client_0fhqo1d._.js:13299
[  349708ms] [ERROR] WebSocket connection to 'ws://bansud:3000/_next/webpack-hmr?id=Mf13ijx3tSR12Q6B1cRiC' failed: Error during WebSocket handshake: net::ERR_INVALID_HTTP_RESPONSE @ http://bansud:3000/_next/static/chunks/node_modules_next_dist_client_0fhqo1d._.js:13299
[  354297ms] [ERROR] WebSocket connection to 'ws://bansud:3000/_next/webpack-hmr?id=Mf13ijx3tSR12Q6B1cRiC' failed: Error during WebSocket handshake: net::ERR_INVALID_HTTP_RESPONSE @ http://bansud:3000/_next/static/chunks/node_modules_next_dist_client_0fhqo1d._.js:13299
[  356773ms] [ERROR] WebSocket connection to 'ws://bansud:3000/_next/webpack-hmr?id=Mf13ijx3tSR12Q6B1cRiC' failed: Error during WebSocket handshake: net::ERR_INVALID_HTTP_RESPONSE @ http://bansud:3000/_next/static/chunks/node_modules_next_dist_client_0fhqo1d._.js:13299
[  360462ms] [ERROR] WebSocket connection to 'ws://bansud:3000/_next/webpack-hmr?id=Mf13ijx3tSR12Q6B1cRiC' failed: Error during WebSocket handshake: net::ERR_INVALID_HTTP_RESPONSE @ http://bansud:3000/_next/static/chunks/node_modules_next_dist_client_0fhqo1d._.js:13299
[  361473ms] [ERROR] WebSocket connection to 'ws://bansud:3000/_next/webpack-hmr?id=Mf13ijx3tSR12Q6B1cRiC' failed: Error during WebSocket handshake: net::ERR_INVALID_HTTP_RESPONSE @ http://bansud:3000/_next/static/chunks/node_modules_next_dist_client_0fhqo1d._.js:13299
[  366481ms] [ERROR] WebSocket connection to 'ws://bansud:3000/_next/webpack-hmr?id=Mf13ijx3tSR12Q6B1cRiC' failed: Error during WebSocket handshake: net::ERR_INVALID_HTTP_RESPONSE @ http://bansud:3000/_next/static/chunks/node_modules_next_dist_client_0fhqo1d._.js:13299
[  371491ms] [ERROR] WebSocket connection to 'ws://bansud:3000/_next/webpack-hmr?id=Mf13ijx3tSR12Q6B1cRiC' failed: Error during WebSocket handshake: net::ERR_INVALID_HTTP_RESPONSE @ http://bansud:3000/_next/static/chunks/node_modules_next_dist_client_0fhqo1d._.js:13299
[  376499ms] [ERROR] WebSocket connection to 'ws://bansud:3000/_next/webpack-hmr?id=Mf13ijx3tSR12Q6B1cRiC' failed: Error during WebSocket handshake: net::ERR_INVALID_HTTP_RESPONSE @ http://bansud:3000/_next/static/chunks/node_modules_next_dist_client_0fhqo1d._.js:13299
[  381519ms] [ERROR] WebSocket connection to 'ws://bansud:3000/_next/webpack-hmr?id=Mf13ijx3tSR12Q6B1cRiC' failed: Error during WebSocket handshake: net::ERR_INVALID_HTTP_RESPONSE @ http://bansud:3000/_next/static/chunks/node_modules_next_dist_client_0fhqo1d._.js:13299
[  386536ms] [ERROR] WebSocket connection to 'ws://bansud:3000/_next/webpack-hmr?id=Mf13ijx3tSR12Q6B1cRiC' failed: Error during WebSocket handshake: net::ERR_INVALID_HTTP_RESPONSE @ http://bansud:3000/_next/static/chunks/node_modules_next_dist_client_0fhqo1d._.js:13299
[  391559ms] [ERROR] WebSocket connection to 'ws://bansud:3000/_next/webpack-hmr?id=Mf13ijx3tSR12Q6B1cRiC' failed: Error during WebSocket handshake: net::ERR_INVALID_HTTP_RESPONSE @ http://bansud:3000/_next/static/chunks/node_modules_next_dist_client_0fhqo1d._.js:13299
[  396593ms] [ERROR] WebSocket connection to 'ws://bansud:3000/_next/webpack-hmr?id=Mf13ijx3tSR12Q6B1cRiC' failed: Error during WebSocket handshake: net::ERR_INVALID_HTTP_RESPONSE @ http://bansud:3000/_next/static/chunks/node_modules_next_dist_client_0fhqo1d._.js:13299
[  396957ms] [INFO] %cDownload the React DevTools for a better development experience: https://react.dev/link/react-devtools font-weight:bold @ http://bansud:3000/_next/static/chunks/node_modules_next_dist_115brz8._.js:2431
[  397002ms] [ERROR] WebSocket connection to 'ws://bansud:3000/_next/webpack-hmr?id=v5MMOuU0cmJzriadrqGml' failed: Error during WebSocket handshake: net::ERR_INVALID_HTTP_RESPONSE @ http://bansud:3000/_next/static/chunks/node_modules_next_dist_client_0fhqo1d._.js:13299
[  398052ms] [ERROR] WebSocket connection to 'ws://bansud:3000/_next/webpack-hmr?id=v5MMOuU0cmJzriadrqGml' failed: Error during WebSocket handshake: net::ERR_INVALID_HTTP_RESPONSE @ http://bansud:3000/_next/static/chunks/node_modules_next_dist_client_0fhqo1d._.js:13299
[  399139ms] [ERROR] WebSocket connection to 'ws://bansud:3000/_next/webpack-hmr?id=v5MMOuU0cmJzriadrqGml' failed: Error during WebSocket handshake: net::ERR_INVALID_HTTP_RESPONSE @ http://bansud:3000/_next/static/chunks/node_modules_next_dist_client_0fhqo1d._.js:13299
[  400270ms] [ERROR] WebSocket connection to 'ws://bansud:3000/_next/webpack-hmr?id=v5MMOuU0cmJzriadrqGml' failed: Error during WebSocket handshake: net::ERR_INVALID_HTTP_RESPONSE @ http://bansud:3000/_next/static/chunks/node_modules_next_dist_client_0fhqo1d._.js:13299
[  401417ms] [ERROR] WebSocket connection to 'ws://bansud:3000/_next/webpack-hmr?id=v5MMOuU0cmJzriadrqGml' failed: Error during WebSocket handshake: net::ERR_INVALID_HTTP_RESPONSE @ http://bansud:3000/_next/static/chunks/node_modules_next_dist_client_0fhqo1d._.js:13299
[  402715ms] [ERROR] WebSocket connection to 'ws://bansud:3000/_next/webpack-hmr?id=v5MMOuU0cmJzriadrqGml' failed: Error during WebSocket handshake: net::ERR_INVALID_HTTP_RESPONSE @ http://bansud:3000/_next/static/chunks/node_modules_next_dist_client_0fhqo1d._.js:13299
[  408756ms] [ERROR] WebSocket connection to 'ws://bansud:3000/_next/webpack-hmr?id=v5MMOuU0cmJzriadrqGml' failed: Error during WebSocket handshake: net::ERR_INVALID_HTTP_RESPONSE @ http://bansud:3000/_next/static/chunks/node_modules_next_dist_client_0fhqo1d._.js:13299
[  415117ms] [ERROR] WebSocket connection to 'ws://bansud:3000/_next/webpack-hmr?id=v5MMOuU0cmJzriadrqGml' failed: Error during WebSocket handshake: net::ERR_INVALID_HTTP_RESPONSE @ http://bansud:3000/_next/static/chunks/node_modules_next_dist_client_0fhqo1d._.js:13299
[  423222ms] [ERROR] WebSocket connection to 'ws://bansud:3000/_next/webpack-hmr?id=v5MMOuU0cmJzriadrqGml' failed: Error during WebSocket handshake: net::ERR_INVALID_HTTP_RESPONSE @ http://bansud:3000/_next/static/chunks/node_modules_next_dist_client_0fhqo1d._.js:13299
